0 info it worked if it ends with ok
1 verbose cli [ 'node', '/usr/local/bin/npm', 'start' ]
2 info using npm@2.7.5
3 info using node@v0.12.2
4 verbose node symlink /usr/local/bin/node
5 verbose run-script [ 'prestart', 'start', 'poststart' ]
6 info prestart portal@0.0.0
7 verbose unsafe-perm in lifecycle true
8 info portal@0.0.0 Failed to exec prestart script
9 verbose stack Error: portal@0.0.0 prestart: `npm install`
9 verbose stack Exit status 1
9 verbose stack     at EventEmitter.<anonymous> (/usr/local/lib/node_modules/npm/lib/utils/lifecycle.js:213:16)
9 verbose stack     at EventEmitter.emit (events.js:110:17)
9 verbose stack     at ChildProcess.<anonymous> (/usr/local/lib/node_modules/npm/lib/utils/spawn.js:14:12)
9 verbose stack     at ChildProcess.emit (events.js:110:17)
9 verbose stack     at maybeClose (child_process.js:1015:16)
9 verbose stack     at Process.ChildProcess._handle.onexit (child_process.js:1087:5)
10 verbose pkgid portal@0.0.0
11 verbose cwd /Users/workstation/Documents/projects/portal
12 error Darwin 12.6.0
13 error argv "node" "/usr/local/bin/npm" "start"
14 error node v0.12.2
15 error npm  v2.7.5
16 error code ELIFECYCLE
17 error portal@0.0.0 prestart: `npm install`
17 error Exit status 1
18 error Failed at the portal@0.0.0 prestart script 'npm install'.
18 error This is most likely a problem with the portal package,
18 error not with npm itself.
18 error Tell the author that this fails on your system:
18 error     npm install
18 error You can get their info via:
18 error     npm owner ls portal
18 error There is likely additional logging output above.
19 verbose exit [ 1, true ]
