0 info it worked if it ends with ok
1 verbose cli [ '/usr/bin/nodejs',
1 verbose cli   '/usr/bin/npm',
1 verbose cli   'install',
1 verbose cli   '-g',
1 verbose cli   'protractor' ]
2 info using npm@1.3.10
3 info using node@v0.10.25
4 verbose cache add [ 'protractor', null ]
5 verbose cache add name=undefined spec="protractor" args=["protractor",null]
6 verbose parsed url { protocol: null,
6 verbose parsed url   slashes: null,
6 verbose parsed url   auth: null,
6 verbose parsed url   host: null,
6 verbose parsed url   port: null,
6 verbose parsed url   hostname: null,
6 verbose parsed url   hash: null,
6 verbose parsed url   search: null,
6 verbose parsed url   query: null,
6 verbose parsed url   pathname: 'protractor',
6 verbose parsed url   path: 'protractor',
6 verbose parsed url   href: 'protractor' }
7 silly lockFile 4f4f4858-protractor protractor
8 verbose lock protractor /home/getty/.npm/4f4f4858-protractor.lock
9 silly lockFile 4f4f4858-protractor protractor
10 silly lockFile 4f4f4858-protractor protractor
11 verbose addNamed [ 'protractor', '' ]
12 verbose addNamed [ null, '*' ]
13 silly lockFile 80d5ca5a-protractor protractor@
14 verbose lock protractor@ /home/getty/.npm/80d5ca5a-protractor.lock
15 silly addNameRange { name: 'protractor', range: '*', hasData: false }
16 verbose url raw protractor
17 verbose url resolving [ 'https://registry.npmjs.org/', './protractor' ]
18 verbose url resolved https://registry.npmjs.org/protractor
19 info trying registry request attempt 1 at 18:47:37
20 verbose etag "EEM5LI51UUO7DZTYA78L75ZFT"
21 http GET https://registry.npmjs.org/protractor
22 http 304 https://registry.npmjs.org/protractor
23 silly registry.get cb [ 304,
23 silly registry.get   { date: 'Wed, 11 Nov 2015 18:47:37 GMT',
23 silly registry.get     via: '1.1 varnish',
23 silly registry.get     'cache-control': 'max-age=60',
23 silly registry.get     etag: '"EEM5LI51UUO7DZTYA78L75ZFT"',
23 silly registry.get     age: '59',
23 silly registry.get     connection: 'keep-alive',
23 silly registry.get     'x-served-by': 'cache-sjc3122-SJC',
23 silly registry.get     'x-cache': 'HIT',
23 silly registry.get     'x-cache-hits': '2',
23 silly registry.get     'x-timer': 'S1447267657.313598,VS0,VE0',
23 silly registry.get     vary: 'Accept' } ]
24 verbose etag protractor from cache
25 silly addNameRange number 2 { name: 'protractor', range: '*', hasData: true }
26 silly addNameRange versions [ 'protractor',
26 silly addNameRange   [ '0.1.0',
26 silly addNameRange     '0.1.1',
26 silly addNameRange     '0.1.2',
26 silly addNameRange     '0.1.3',
26 silly addNameRange     '0.2.0',
26 silly addNameRange     '0.2.1',
26 silly addNameRange     '0.3.0',
26 silly addNameRange     '0.4.0',
26 silly addNameRange     '0.4.1',
26 silly addNameRange     '0.5.0',
26 silly addNameRange     '0.6.1',
26 silly addNameRange     '0.7.0',
26 silly addNameRange     '0.8.0',
26 silly addNameRange     '0.9.0',
26 silly addNameRange     '0.10.0',
26 silly addNameRange     '0.11.0',
26 silly addNameRange     '0.12.0',
26 silly addNameRange     '0.12.1',
26 silly addNameRange     '0.13.0',
26 silly addNameRange     '0.14.0',
26 silly addNameRange     '0.15.0',
26 silly addNameRange     '0.16.0',
26 silly addNameRange     '0.16.1',
26 silly addNameRange     '0.17.0',
26 silly addNameRange     '0.18.0',
26 silly addNameRange     '0.18.1',
26 silly addNameRange     '0.19.0',
26 silly addNameRange     '0.20.0',
26 silly addNameRange     '0.20.1',
26 silly addNameRange     '0.21.0',
26 silly addNameRange     '0.22.0',
26 silly addNameRange     '0.23.0',
26 silly addNameRange     '0.23.1',
26 silly addNameRange     '0.24.0',
26 silly addNameRange     '0.24.1',
26 silly addNameRange     '0.24.2',
26 silly addNameRange     '1.0.0-rc1',
26 silly addNameRange     '1.0.0-rc2',
26 silly addNameRange     '1.0.0-rc3',
26 silly addNameRange     '1.0.0-rc4',
26 silly addNameRange     '1.0.0-rc5',
26 silly addNameRange     '1.0.0-rc6',
26 silly addNameRange     '1.0.0',
26 silly addNameRange     '1.1.0',
26 silly addNameRange     '1.1.1',
26 silly addNameRange     '1.2.0-beta1',
26 silly addNameRange     '1.2.0',
26 silly addNameRange     '1.3.0',
26 silly addNameRange     '1.3.1',
26 silly addNameRange     '1.4.0',
26 silly addNameRange     '1.5.0',
26 silly addNameRange     '1.6.0',
26 silly addNameRange     '1.6.1',
26 silly addNameRange     '1.7.0',
26 silly addNameRange     '1.8.0',
26 silly addNameRange     '2.0.0',
26 silly addNameRange     '2.1.0',
26 silly addNameRange     '2.2.0',
26 silly addNameRange     '2.3.0',
26 silly addNameRange     '2.4.0',
26 silly addNameRange     '2.5.0',
26 silly addNameRange     '2.5.1' ] ]
27 verbose addNamed [ 'protractor', '2.5.1' ]
28 verbose addNamed [ '2.5.1', '2.5.1' ]
29 silly lockFile 94fdc057-protractor-2-5-1 protractor@2.5.1
30 verbose lock protractor@2.5.1 /home/getty/.npm/94fdc057-protractor-2-5-1.lock
31 silly lockFile 94fdc057-protractor-2-5-1 protractor@2.5.1
32 silly lockFile 94fdc057-protractor-2-5-1 protractor@2.5.1
33 silly lockFile 80d5ca5a-protractor protractor@
34 silly lockFile 80d5ca5a-protractor protractor@
35 silly resolved [ { name: 'protractor',
35 silly resolved     description: 'Webdriver E2E test wrapper for Angular.',
35 silly resolved     homepage: 'https://github.com/angular/protractor',
35 silly resolved     keywords:
35 silly resolved      [ 'angular',
35 silly resolved        'test',
35 silly resolved        'testing',
35 silly resolved        'webdriver',
35 silly resolved        'webdriverjs',
35 silly resolved        'selenium' ],
35 silly resolved     author: { name: 'Julie Ralph', email: 'ju.ralph@gmail.com' },
35 silly resolved     dependencies:
35 silly resolved      { request: '~2.57.0',
35 silly resolved        'selenium-webdriver': '2.47.0',
35 silly resolved        minijasminenode: '1.1.1',
35 silly resolved        jasminewd: '1.1.0',
35 silly resolved        jasminewd2: '0.0.6',
35 silly resolved        jasmine: '2.3.2',
35 silly resolved        saucelabs: '~1.0.1',
35 silly resolved        glob: '~3.2',
35 silly resolved        'adm-zip': '0.4.4',
35 silly resolved        optimist: '~0.6.0',
35 silly resolved        q: '1.0.0',
35 silly resolved        lodash: '~2.4.1',
35 silly resolved        'source-map-support': '~0.2.6',
35 silly resolved        'html-entities': '~1.1.1',
35 silly resolved        'accessibility-developer-tools': '~2.6.0' },
35 silly resolved     devDependencies:
35 silly resolved      { 'expect.js': '~0.2.0',
35 silly resolved        chai: '~3.3.0',
35 silly resolved        'chai-as-promised': '~5.1.0',
35 silly resolved        jshint: '2.5.0',
35 silly resolved        mocha: '2.3.3',
35 silly resolved        cucumber: '~0.6.0',
35 silly resolved        express: '~3.3.4',
35 silly resolved        rimraf: '~2.2.6' },
35 silly resolved     repository: { type: 'git', url: 'git://github.com/angular/protractor.git' },
35 silly resolved     bin:
35 silly resolved      { protractor: 'bin/protractor',
35 silly resolved        'webdriver-manager': 'bin/webdriver-manager' },
35 silly resolved     main: 'lib/protractor.js',
35 silly resolved     scripts:
35 silly resolved      { pretest: 'node_modules/.bin/jshint lib spec scripts',
35 silly resolved        test: 'node scripts/test.js',
35 silly resolved        start: 'node testapp/scripts/web-server.js' },
35 silly resolved     license: 'MIT',
35 silly resolved     version: '2.5.1',
35 silly resolved     readme: 'Protractor [![Build Status](https://travis-ci.org/angular/protractor.png?branch=master)](https://travis-ci.org/angular/protractor)\n==========\n\n[Protractor](http://angular.github.io/protractor) is an end-to-end test framework for [AngularJS](http://angularjs.org/) applications. Protractor is a [Node.js](http://nodejs.org/) program built on top of [WebDriverJS](https://github.com/SeleniumHQ/selenium/wiki/WebDriverJs). Protractor runs tests against your application running in a real browser, interacting with it as a user would. \n\n\nGetting Started\n---------------\n\nThe Protractor documentation for users is located in the [protractor/docs](https://github.com/angular/protractor/tree/master/docs) folder.\n\nTo get set up and running quickly:\n - The [Protractor Website](http://angular.github.io/protractor)\n - Work through the [Tutorial](http://angular.github.io/protractor/#/tutorial)\n - Take a look at the [Table of Contents](http://angular.github.io/protractor/#/toc)\n\nOnce you are familiar with the tutorial, you’re ready to move on. To modify your environment, see the Protractor Setup docs. To start writing tests, see the Protractor Tests docs.\n\nTo better understand how Protractor works with the Selenium WebDriver and Selenium Server see the reference materials.\n\n\nGetting Help\n------------\n\nCheck the\n[Protractor FAQ](https://github.com/angular/protractor/blob/master/docs/faq.md)\nand read through\nthe [Top 20 questions on StackOverflow](http://stackoverflow.com/questions/tagged/protractor?sort=votes&pageSize=20).\n\nPlease ask usage and debugging questions on\n[StackOverflow](http://stackoverflow.com/questions/tagged/protractor) (use\nthe "protractor" tag)\nor in the\n[Angular discussion group](https://groups.google.com/forum/?fromgroups#!forum/angular).\n(Please do not ask support questions here on Github.)\n\n\nFor Contributors\n----------------\nClone the github repository:\n\n    git clone https://github.com/angular/protractor.git\n    cd protractor\n    npm install\n    cd website\n    npm install\n    cd ..\n\nStart up a selenium server. By default, the tests expect the selenium server to be running at `http://localhost:4444/wd/hub`.\n\nProtractor\'s test suite runs against the included test application. Start that up with\n\n    npm start\n\nThen run the tests with\n\n    npm test\n',
35 silly resolved     readmeFilename: 'README.md',
35 silly resolved     bugs: { url: 'https://github.com/angular/protractor/issues' },
35 silly resolved     _id: 'protractor@2.5.1',
35 silly resolved     _from: 'protractor@' } ]
36 info install protractor@2.5.1 into /usr/local/lib
37 info installOne protractor@2.5.1
38 info /usr/local/lib/node_modules/protractor unbuild
39 verbose tar unpack /home/getty/.npm/protractor/2.5.1/package.tgz
40 silly lockFile 1b04f987-ocal-lib-node-modules-protractor tar:///usr/local/lib/node_modules/protractor
41 verbose lock tar:///usr/local/lib/node_modules/protractor /home/getty/.npm/1b04f987-ocal-lib-node-modules-protractor.lock
42 silly lockFile 688745dd-npm-protractor-2-5-1-package-tgz tar:///home/getty/.npm/protractor/2.5.1/package.tgz
43 verbose lock tar:///home/getty/.npm/protractor/2.5.1/package.tgz /home/getty/.npm/688745dd-npm-protractor-2-5-1-package-tgz.lock
44 silly gunzTarPerm modes [ '755', '644' ]
45 error Error: EACCES, mkdir '/usr/local/lib/node_modules'
45 error  { [Error: EACCES, mkdir '/usr/local/lib/node_modules']
45 error   errno: 3,
45 error   code: 'EACCES',
45 error   path: '/usr/local/lib/node_modules',
45 error   fstream_type: 'Directory',
45 error   fstream_path: '/usr/local/lib/node_modules/protractor',
45 error   fstream_class: 'DirWriter',
45 error   fstream_stack:
45 error    [ '/usr/lib/nodejs/fstream/lib/writer.js:171:23',
45 error      '/usr/lib/nodejs/mkdirp/index.js:37:53',
45 error      'Object.oncomplete (fs.js:107:15)' ] }
46 error Please try running this command again as root/Administrator.
47 error System Linux 4.0.9-boot2docker
48 error command "/usr/bin/nodejs" "/usr/bin/npm" "install" "-g" "protractor"
49 error cwd /home/getty/portal/portal
50 error node -v v0.10.25
51 error npm -v 1.3.10
52 error path /usr/local/lib/node_modules
53 error fstream_path /usr/local/lib/node_modules/protractor
54 error fstream_type Directory
55 error fstream_class DirWriter
56 error code EACCES
57 error errno 3
58 error stack Error: EACCES, mkdir '/usr/local/lib/node_modules'
59 error fstream_stack /usr/lib/nodejs/fstream/lib/writer.js:171:23
59 error fstream_stack /usr/lib/nodejs/mkdirp/index.js:37:53
59 error fstream_stack Object.oncomplete (fs.js:107:15)
60 verbose exit [ 3, true ]
